<?xml version="1.0" encoding="UTF-8"?>
<!-- Generated by org.testng.reporters.JUnitReportReporter -->
<testsuite hostname="LAPTOP-0QGC8ICS" failures="0" tests="3" name="com.WikiData.TestCase" time="3.422" errors="0" timestamp="2022-08-16T19:45:18 IST" skipped="0">
  <testcase classname="com.WikiData.TestCase" name="pageTest" time="3.172"/>
  <system-out/>
  <testcase classname="com.WikiData.TestCase" name="ScrollDown" time="0.056"/>
  <system-out/>
  <testcase classname="com.WikiData.TestCase" name="Takescreenshot" time="0.194"/>
  <system-out/>
</testsuite> <!-- com.WikiData.TestCase -->
