<?xml version="1.0" encoding="UTF-8"?>
<!-- Generated by org.testng.reporters.JUnitReportReporter -->
<testsuite hostname="LAPTOP-0QGC8ICS" failures="0" tests="1" name="DemoProject.DemoProject.AppTest" time="0.000" errors="0" timestamp="2022-08-16T17:30:20 IST" skipped="0">
  <testcase classname="DemoProject.DemoProject.AppTest" name="shouldAnswerWithTrue" time="0.000"/>
  <system-out/>
</testsuite> <!-- DemoProject.DemoProject.AppTest -->
